#
# A fatal error has been detected by the Java Runtime Environment:
#
#  EXCEPTION_ACCESS_VIOLATION (0xc0000005) at pc=0x00007ffedd6d1b79, pid=29088, tid=30020
#
# JRE version:  (23.0.1+11) (build )
# Java VM: OpenJDK 64-Bit Server VM (23.0.1+11, mixed mode, sharing, tiered, compressed class ptrs, unknown gc, windows-amd64)
# Problematic frame:
# C  [jimage.dll+0x1b79]
#
# No core dump will be written. Minidumps are not enabled by default on client versions of Windows
#
#

---------------  S U M M A R Y ------------

Command Line: 

Host: AMD Ryzen 7 4800HS with Radeon Graphics        , 16 cores, 7G,  Windows 11 , 64 bit Build 26100 (10.0.26100.2454)
Time: Sun Dec 15 22:07:44 2024 Hora oficial do Brasil elapsed time: 0.022023 seconds (0d 0h 0m 0s)

---------------  T H R E A D  ---------------

Current thread is native thread

Stack: [0x000000a596e00000,0x000000a596f00000],  sp=0x000000a596efdda0,  free space=1015k
Native frames: (J=compiled Java code, j=interpreted, Vv=VM code, C=native code)
C  [jimage.dll+0x1b79]  (no source info available)
C  [jimage.dll+0x1d03]  (no source info available)
C  [jimage.dll+0x25c9]  (no source info available)
V  [jvm.dll+0x21fc82]  (no source info available)
V  [jvm.dll+0xbf70c]  (no source info available)
V  [jvm.dll+0x8882cc]  (no source info available)
V  [jvm.dll+0x45a16e]  (no source info available)
V  [jvm.dll+0x45bf81]  (no source info available)
C  [jli.dll+0x5278]  (no source info available)
C  [ucrtbase.dll+0x14ea0]  (no source info available)
C  [KERNEL32.DLL+0x2e8d7]  (no source info available)
C  [ntdll.dll+0xdfbcc]  (no source info available)


siginfo: EXCEPTION_ACCESS_VIOLATION (0xc0000005), reading address 0x000000000001531c


Registers:
RAX=0x00000000000007a2, RBX=0x000000a596efde91, RCX=0x00007ffedd6d6000, RDX=0x00000000000054c0
RSP=0x000000a596efdda0, RBP=0x000000a596efde90, RSI=0x000000000000773e, RDI=0x000000a596efde90
R8 =0x00007ffedd6d4298, R9 =0x000000000000001c, R10=0x00007ffee7a80000, R11=0x00007ffedd6d6000
R12=0x0000000000000000, R13=0x000000a596eff910, R14=0x000000a596efef00, R15=0x00007ffea9aa80b8
RIP=0x00007ffedd6d1b79, EFLAGS=0x0000000000010213


Top of Stack: (sp=0x000000a596efdda0)
0x000000a596efdda0:   005f003400350034 0065006e006f006e
0x000000a596efddb0:   003000650033005f 0061003800360062
0x000000a596efddc0:   0000027a99ffbfa0 00007ffedd6d1d03
0x000000a596efddd0:   000000000000000b 0000027a99ffbfa0
0x000000a596efdde0:   006c005c00730072 00730061006b0075
0x000000a596efddf0:   00320070002e005c 006f006f0070005c
0x000000a596efde00:   006c0070005c006c 006e006900670075
0x000000a596efde10:   0000007e005c0073 00630065002e0067
0x000000a596efde20:   007300700069006c 0075006a002e0065
0x000000a596efde30:   000098da277200b1 006e00650070006f
0x000000a596efde40:   00007ffea9a86070 0000000000000017
0x000000a596efde50:   0000027a99ffbfa0 000000a596efef00
0x000000a596efde60:   000000000000000b 00007ffedd6d25c9
0x000000a596efde70:   0078002e00320033 0036005f00360038
0x000000a596efde80:   0000027a9a05a040 0031002e0030002e
0x000000a596efde90:   61622e6176616a2f 692f6b646a2f6573
0x000000a596efdea0:   2f6c616e7265746e 6f6974706f2f6d76
0x000000a596efdeb0:   005c00650000736e 005c006e00690062
0x000000a596efdec0:   0076007200650073 0000000000720065
0x000000a596efded0:   0000027a9a0595a0 0000000000000000
0x000000a596efdee0:   0000000000000000 0000000000000000
0x000000a596efdef0:   0000000000000000 0000000000000000
0x000000a596efdf00:   0000000000000000 0000000000000000
0x000000a596efdf10:   0000000000000000 0000000000000000
0x000000a596efdf20:   0000000000000000 0000000000000000
0x000000a596efdf30:   0000000000000000 0000000000000000
0x000000a596efdf40:   0000000000000000 0000000000000000
0x000000a596efdf50:   0000000000000000 0000000000000000
0x000000a596efdf60:   0000000000000000 0000000000000000
0x000000a596efdf70:   0000000000000008 0000027a9c535530
0x000000a596efdf80:   0000000000008210 00000000000081fe
0x000000a596efdf90:   0000000000000001 00007ffef7d90134 

Instructions: (pc=0x00007ffedd6d1b79)
0x00007ffedd6d1a79:   48 85 c9 74 1d 80 3d 8b 45 00 00 00 74 06 48 8b
0x00007ffedd6d1a89:   53 18 eb 04 48 8b 53 40 e8 8e 0e 00 00 48 83 63
0x00007ffedd6d1a99:   48 00 8b 4b 0c 83 f9 ff 74 09 e8 c4 0c 00 00 83
0x00007ffedd6d1aa9:   4b 0c ff 48 8b 4b 70 48 85 c9 74 0f ba 10 00 00
0x00007ffedd6d1ab9:   00 e8 e5 0e 00 00 48 83 63 70 00 48 83 c4 20 5b
0x00007ffedd6d1ac9:   c3 cc cc 40 53 48 83 ec 20 48 8b d9 48 8d 0d 44
0x00007ffedd6d1ad9:   47 00 00 e8 93 0c 00 00 83 6b 08 01 75 24 48 8b
0x00007ffedd6d1ae9:   d3 48 8d 0d 27 45 00 00 e8 1a 08 00 00 48 8b cb
0x00007ffedd6d1af9:   e8 d6 fe ff ff ba 78 00 00 00 48 8b cb e8 99 0e
0x00007ffedd6d1b09:   00 00 48 8d 0d 0e 47 00 00 48 83 c4 20 5b e9 60
0x00007ffedd6d1b19:   0c 00 00 48 89 5c 24 08 48 89 74 24 10 57 48 83
0x00007ffedd6d1b29:   ec 20 41 8b f1 4d 8b c8 48 8b fa 4c 8b d9 4d 85
0x00007ffedd6d1b39:   c0 74 73 85 f6 74 6f 44 8a 12 48 8d 5a 01 48 8b
0x00007ffedd6d1b49:   d3 b8 93 01 00 01 eb 12 69 c0 93 01 00 01 41 0f
0x00007ffedd6d1b59:   b6 ca 44 8a 12 33 c1 48 ff c2 45 84 d2 75 e9 4d
0x00007ffedd6d1b69:   8b 03 33 d2 0f ba f0 1f 49 8b cb f7 f6 48 63 d2
0x00007ffedd6d1b79:   41 8b 14 91 41 ff 50 08 85 c0 7e 24 8a 0f eb 10
0x00007ffedd6d1b89:   69 c0 93 01 00 01 0f b6 c9 33 c1 8a 0b 48 ff c3
0x00007ffedd6d1b99:   84 c9 75 ec 0f ba f0 1f 33 d2 f7 f6 8b c2 eb 09
0x00007ffedd6d1ba9:   79 04 f7 d0 eb 03 83 c8 ff 48 8b 5c 24 30 48 8b
0x00007ffedd6d1bb9:   74 24 38 48 83 c4 20 5f c3 cc cc 48 89 5c 24 08
0x00007ffedd6d1bc9:   48 89 74 24 10 57 48 83 ec 20 48 8b f1 48 8d 0d
0x00007ffedd6d1bd9:   43 46 00 00 e8 92 0b 00 00 33 ff 39 3d 2e 44 00
0x00007ffedd6d1be9:   00 76 24 48 8b 05 2d 44 00 00 48 8b d6 48 8b 1c
0x00007ffedd6d1bf9:   f8 48 8b 0b e8 68 1e 00 00 85 c0 74 2b ff c7 3b
0x00007ffedd6d1c09:   3d 0a 44 00 00 72 dc 33 db 48 8d 0d 07 46 00 00
0x00007ffedd6d1c19:   e8 5e 0b 00 00 48 8b 74 24 38 48 8b c3 48 8b 5c
0x00007ffedd6d1c29:   24 30 48 83 c4 20 5f c3 ff 43 08 eb dc cc cc 48
0x00007ffedd6d1c39:   89 5c 24 08 48 89 74 24 10 57 48 83 ec 20 48 8b
0x00007ffedd6d1c49:   d9 48 8b f2 48 8b 49 10 49 8b f8 8b 53 30 48 8b
0x00007ffedd6d1c59:   01 ff 50 20 4c 8b 43 50 48 8b d6 48 8b 4b 10 44
0x00007ffedd6d1c69:   8b c8 e8 ac fe ff ff 83 f8 ff 74 38 48 8b 4b 10 



---------------  P R O C E S S  ---------------

VM state: not at safepoint (not fully initialized)

VM Mutex/Monitor currently owned by a thread: None

CDS archive(s) mapped at: [0x0000000000000000-0x0000000000000000-0x0000000000000000), size 0, SharedBaseAddress: 0x0000000800000000, ArchiveRelocationMode: 1.
Narrow klass base: 0x0000000000000000, Narrow klass shift: 0, Narrow klass range: 0x0

GC Precious Log:
<Not initialized>


Dynamic libraries:
0x00007ff70be70000 - 0x00007ff70be7e000 	C:\Users\lukas\.p2\pool\plugins\org.eclipse.justj.openjdk.hotspot.jre.full.win32.x86_64_23.0.1.v20241024-1700\jre\bin\javaw.exe
0x00007ffef7d80000 - 0x00007ffef7fe3000 	C:\WINDOWS\SYSTEM32\ntdll.dll
0x00007ffed2e20000 - 0x00007ffed2e3a000 	C:\Program Files\Avast Software\Avast\aswhook.dll
0x00007ffef6b20000 - 0x00007ffef6be8000 	C:\WINDOWS\System32\KERNEL32.DLL
0x00007ffef54c0000 - 0x00007ffef5872000 	C:\WINDOWS\System32\KERNELBASE.dll
0x00007ffef5370000 - 0x00007ffef54bb000 	C:\WINDOWS\System32\ucrtbase.dll
0x00007ffeed090000 - 0x00007ffeed0a7000 	C:\Users\lukas\.p2\pool\plugins\org.eclipse.justj.openjdk.hotspot.jre.full.win32.x86_64_23.0.1.v20241024-1700\jre\bin\jli.dll
0x00007ffef73f0000 - 0x00007ffef75b8000 	C:\WINDOWS\System32\USER32.dll
0x00007ffef5280000 - 0x00007ffef52a7000 	C:\WINDOWS\System32\win32u.dll
0x00007ffef6f90000 - 0x00007ffef6fba000 	C:\WINDOWS\System32\GDI32.dll
0x00007ffef5880000 - 0x00007ffef59ab000 	C:\WINDOWS\System32\gdi32full.dll
0x00007ffef59b0000 - 0x00007ffef5a53000 	C:\WINDOWS\System32\msvcp_win.dll
0x00007ffee7a80000 - 0x00007ffee7a9e000 	C:\Users\lukas\.p2\pool\plugins\org.eclipse.justj.openjdk.hotspot.jre.full.win32.x86_64_23.0.1.v20241024-1700\jre\bin\VCRUNTIME140.dll
0x00007ffeddd90000 - 0x00007ffede020000 	C:\WINDOWS\WinSxS\amd64_microsoft.windows.common-controls_6595b64144ccf1df_6.0.26100.2454_none_3e0b68a2e331ad60\COMCTL32.dll
0x00007ffef6e50000 - 0x00007ffef6ef9000 	C:\WINDOWS\System32\msvcrt.dll
0x00007ffef7250000 - 0x00007ffef727f000 	C:\WINDOWS\System32\IMM32.DLL
0x00007ffeee0e0000 - 0x00007ffeee0ec000 	C:\Users\lukas\.p2\pool\plugins\org.eclipse.justj.openjdk.hotspot.jre.full.win32.x86_64_23.0.1.v20241024-1700\jre\bin\vcruntime140_1.dll
0x00007ffee23a0000 - 0x00007ffee242d000 	C:\Users\lukas\.p2\pool\plugins\org.eclipse.justj.openjdk.hotspot.jre.full.win32.x86_64_23.0.1.v20241024-1700\jre\bin\msvcp140.dll
0x00007ffea9070000 - 0x00007ffea9e3d000 	C:\Users\lukas\.p2\pool\plugins\org.eclipse.justj.openjdk.hotspot.jre.full.win32.x86_64_23.0.1.v20241024-1700\jre\bin\server\jvm.dll
0x00007ffef6d90000 - 0x00007ffef6e44000 	C:\WINDOWS\System32\ADVAPI32.dll
0x00007ffef6080000 - 0x00007ffef6126000 	C:\WINDOWS\System32\sechost.dll
0x00007ffef7c20000 - 0x00007ffef7d36000 	C:\WINDOWS\System32\RPCRT4.dll
0x00007ffef71d0000 - 0x00007ffef7244000 	C:\WINDOWS\System32\WS2_32.dll
0x00007ffef4d50000 - 0x00007ffef4d9e000 	C:\WINDOWS\SYSTEM32\POWRPROF.dll
0x00007ffeeb390000 - 0x00007ffeeb3c6000 	C:\WINDOWS\SYSTEM32\WINMM.dll
0x00007ffeef8a0000 - 0x00007ffeef8ab000 	C:\WINDOWS\SYSTEM32\VERSION.dll
0x00007ffef4d30000 - 0x00007ffef4d44000 	C:\WINDOWS\SYSTEM32\UMPDC.dll
0x00007ffef3f90000 - 0x00007ffef3faa000 	C:\WINDOWS\SYSTEM32\kernel.appcore.dll
0x00007ffedd6d0000 - 0x00007ffedd6da000 	C:\Users\lukas\.p2\pool\plugins\org.eclipse.justj.openjdk.hotspot.jre.full.win32.x86_64_23.0.1.v20241024-1700\jre\bin\jimage.dll
0x00007ffeec4b0000 - 0x00007ffeec6f1000 	C:\WINDOWS\SYSTEM32\DBGHELP.DLL
0x00007ffef5be0000 - 0x00007ffef5f5e000 	C:\WINDOWS\System32\combase.dll
0x00007ffef6fc0000 - 0x00007ffef7096000 	C:\WINDOWS\System32\OLEAUT32.dll
0x00007ffee8670000 - 0x00007ffee86a9000 	C:\WINDOWS\SYSTEM32\dbgcore.DLL
0x00007ffef5150000 - 0x00007ffef51e9000 	C:\WINDOWS\System32\bcryptPrimitives.dll

dbghelp: loaded successfully - version: 4.0.5 - missing functions: none
symbol engine: initialized successfully - sym options: 0x614 - pdb path: .;C:\Users\lukas\.p2\pool\plugins\org.eclipse.justj.openjdk.hotspot.jre.full.win32.x86_64_23.0.1.v20241024-1700\jre\bin;C:\WINDOWS\SYSTEM32;C:\Program Files\Avast Software\Avast;C:\WINDOWS\WinSxS\amd64_microsoft.windows.common-controls_6595b64144ccf1df_6.0.26100.2454_none_3e0b68a2e331ad60;C:\Users\lukas\.p2\pool\plugins\org.eclipse.justj.openjdk.hotspot.jre.full.win32.x86_64_23.0.1.v20241024-1700\jre\bin\server

VM Arguments:
java_command: <unknown>
java_class_path (initial): <not set>
Launcher Type: SUN_STANDARD

[Global flags]
     bool UseLargePagesIndividualAllocation        = false                                  {pd product} {ergonomic}

Logging:
Log output configuration:
 #0: stdout all=warning uptime,level,tags foldmultilines=false
 #1: stderr all=off uptime,level,tags foldmultilines=false

Environment Variables:
PATH=C:/Users/lukas/.p2/pool/plugins/org.eclipse.justj.openjdk.hotspot.jre.full.win32.x86_64_23.0.1.v20241024-1700/jre/bin/server;C:/Users/lukas/.p2/pool/plugins/org.eclipse.justj.openjdk.hotspot.jre.full.win32.x86_64_23.0.1.v20241024-1700/jre/bin;C:\WINDOWS\system32;C:\WINDOWS;C:\WINDOWS\System32\Wbem;C:\WINDOWS\System32\WindowsPowerShell\v1.0\;C:\WINDOWS\System32\OpenSSH\;C:\Program Files\dotnet\;C:\Program Files\Git\cmd;C:\Users\lukas\AppData\Local\Microsoft\WindowsApps;;C:\Users\lukas\AppData\Local\Programs\Microsoft VS Code\bin;C:\Users\lukas\Desktop;
USERNAME=lukas
OS=Windows_NT
PROCESSOR_IDENTIFIER=AMD64 Family 23 Model 96 Stepping 1, AuthenticAMD
TMP=C:\Users\lukas\AppData\Local\Temp
TEMP=C:\Users\lukas\AppData\Local\Temp




Periodic native trim disabled

---------------  S Y S T E M  ---------------

OS:
 Windows 11 , 64 bit Build 26100 (10.0.26100.2454)
OS uptime: 0 days 11:53 hours

CPU: total 16 (initial active 0) 
Processor Information for the first 16 processors :
  Max Mhz: 2901, Current Mhz: 2901, Mhz Limit: 2901

Memory: 4k page, system-wide physical 7598M (689M free)
TotalPageFile size 29595M (AvailPageFile size 149M)
current process WorkingSet (physical memory assigned to process): 10M, peak: 10M
current process commit charge ("private bytes"): 3M, peak: 3M

vm_info: OpenJDK 64-Bit Server VM (23.0.1+11) for windows-amd64 JRE (23.0.1+11), built on 2024-10-15T00:00:00Z with MS VC++ 17.7 (VS2022)

END.
