#
# There is insufficient memory for the Java Runtime Environment to continue.
# Native memory allocation (mmap) failed to map 125829120 bytes. Error detail: G1 virtual space
# Possible reasons:
#   The system is out of physical RAM or swap space
#   This process is running with CompressedOops enabled, and the Java Heap may be blocking the growth of the native heap
# Possible solutions:
#   Reduce memory load on the system
#   Increase physical memory or swap space
#   Check if swap backing store is full
#   Decrease Java heap size (-Xmx/-Xms)
#   Decrease number of Java threads
#   Decrease Java thread stack sizes (-Xss)
#   Set larger code cache with -XX:ReservedCodeCacheSize=
#   JVM is running with Unscaled Compressed Oops mode in which the Java heap is
#     placed in the first 4GB address space. The Java Heap base address is the
#     maximum limit for the native heap growth. Please use -XX:HeapBaseMinAddress
#     to set the Java Heap base and to place the Java Heap above 4GB virtual address.
# This output file may be truncated or incomplete.
#
#  Out of Memory Error (os_windows.cpp:3703), pid=27528, tid=29736
#
# JRE version:  (23.0.1+11) (build )
# Java VM: OpenJDK 64-Bit Server VM (23.0.1+11, mixed mode, sharing, tiered, compressed oops, compressed class ptrs, g1 gc, windows-amd64)
# No core dump will be written. Minidumps are not enabled by default on client versions of Windows
#

---------------  S U M M A R Y ------------

Command Line: -Dfile.encoding=UTF-8 -Dstdout.encoding=UTF-8 -Dstderr.encoding=UTF-8 --module-path=C:\Users\lukas\eclipse-workspace\Repetiçãoexercicio27\bin -XX:+ShowCodeDetailsInExceptionMessages -Djdk.module.main=Repetiçãoexercicio27 Repetiçãoexercicio27/repeticaoexercicio27.repeticaoexercicio27

Host: AMD Ryzen 7 4800HS with Radeon Graphics        , 16 cores, 7G,  Windows 11 , 64 bit Build 26100 (10.0.26100.2454)
Time: Sun Dec 15 22:07:44 2024 Hora oficial do Brasil elapsed time: 0.043593 seconds (0d 0h 0m 0s)

---------------  T H R E A D  ---------------

Current thread (0x000002c8d616c8c0):  JavaThread "Unknown thread" [_thread_in_vm, id=29736, stack(0x000000cce3d00000,0x000000cce3e00000) (1024K)]

Stack: [0x000000cce3d00000,0x000000cce3e00000]
Native frames: (J=compiled Java code, j=interpreted, Vv=VM code, C=native code)
V  [jvm.dll+0x6e8c79]  (no source info available)
V  [jvm.dll+0x8d9253]  (no source info available)
V  [jvm.dll+0x8db6de]  (no source info available)
V  [jvm.dll+0x8dbdb3]  (no source info available)
V  [jvm.dll+0x281aa6]  (no source info available)
V  [jvm.dll+0x6e5575]  (no source info available)
V  [jvm.dll+0x6d958a]  (no source info available)
V  [jvm.dll+0x3625fa]  (no source info available)
V  [jvm.dll+0x36aa26]  (no source info available)
V  [jvm.dll+0x356fce]  (no source info available)
V  [jvm.dll+0x357268]  (no source info available)
V  [jvm.dll+0x32fbfc]  (no source info available)
V  [jvm.dll+0x33089e]  (no source info available)
V  [jvm.dll+0x89f955]  (no source info available)
V  [jvm.dll+0x3bfe88]  (no source info available)
V  [jvm.dll+0x88849c]  (no source info available)
V  [jvm.dll+0x45a16e]  (no source info available)
V  [jvm.dll+0x45bf81]  (no source info available)
C  [jli.dll+0x5278]  (no source info available)
C  [ucrtbase.dll+0x14ea0]  (no source info available)
C  [KERNEL32.DLL+0x2e8d7]  (no source info available)
C  [ntdll.dll+0xdfbcc]  (no source info available)

Lock stack of current Java thread (top to bottom):


---------------  P R O C E S S  ---------------

Threads class SMR info:
_java_thread_list=0x00007ffea9cd8ad8, length=0, elements={
}

Java Threads: ( => current thread )
Total: 0

Other Threads:
  0x000002c8d866fbe0 WorkerThread "GC Thread#0"                     [id=29992, stack(0x000000cce3e00000,0x000000cce3f00000) (1024K)]
  0x000002c8d8683590 ConcurrentGCThread "G1 Main Marker"            [id=29996, stack(0x000000cce3f00000,0x000000cce4000000) (1024K)]
  0x000002c8d86840a0 WorkerThread "G1 Conc#0"                       [id=30000, stack(0x000000cce4000000,0x000000cce4100000) (1024K)]

[error occurred during error reporting (printing all threads), id 0xc0000005, EXCEPTION_ACCESS_VIOLATION (0xc0000005) at pc=0x00007ffea93b326a]
VM state: not at safepoint (not fully initialized)

VM Mutex/Monitor currently owned by a thread:  ([mutex/lock_event])
[0x00007ffea9d5be70] Heap_lock - owner thread: 0x000002c8d616c8c0

Heap address: 0x0000000089400000, size: 1900 MB, Compressed Oops mode: 32-bit

CDS archive(s) mapped at: [0x0000000000000000-0x0000000000000000-0x0000000000000000), size 0, SharedBaseAddress: 0x0000000800000000, ArchiveRelocationMode: 1.
Narrow klass base: 0x0000000000000000, Narrow klass shift: 0, Narrow klass range: 0x0

GC Precious Log:
 CardTable entry size: 512
 Card Set container configuration: InlinePtr #cards 5 size 8 Array Of Cards #cards 10 size 36 Howl #buckets 4 coarsen threshold 1843 Howl Bitmap #cards 512 size 80 coarsen threshold 460 Card regions per heap region 1 cards per card region 2048

Heap:
 garbage-first heap   total reserved 1945600K, committed 0K, used 0K [0x0000000089400000, 0x0000000100000000)
  region size 1024K, 0 young (0K), 0 survivors (0K)

[error occurred during error reporting (printing heap information), id 0xc0000005, EXCEPTION_ACCESS_VIOLATION (0xc0000005) at pc=0x00007ffea97b51f9]
GC Heap History (0 events):
No events

Dll operation events (1 events):
Event: 0.035 Loaded shared library C:\Users\lukas\.p2\pool\plugins\org.eclipse.justj.openjdk.hotspot.jre.full.win32.x86_64_23.0.1.v20241024-1700\jre\bin\java.dll

Deoptimization events (0 events):
No events

Classes loaded (0 events):
No events

Classes unloaded (0 events):
No events

Classes redefined (0 events):
No events

Internal exceptions (0 events):
No events

VM Operations (0 events):
No events

Memory protections (0 events):
No events

Nmethod flushes (0 events):
No events

Events (0 events):
No events


Dynamic libraries:
0x00007ff70be70000 - 0x00007ff70be7e000 	C:\Users\lukas\.p2\pool\plugins\org.eclipse.justj.openjdk.hotspot.jre.full.win32.x86_64_23.0.1.v20241024-1700\jre\bin\javaw.exe
0x00007ffef7d80000 - 0x00007ffef7fe3000 	C:\WINDOWS\SYSTEM32\ntdll.dll
0x00007ffed2e20000 - 0x00007ffed2e3a000 	C:\Program Files\Avast Software\Avast\aswhook.dll
0x00007ffef6b20000 - 0x00007ffef6be8000 	C:\WINDOWS\System32\KERNEL32.DLL
0x00007ffef54c0000 - 0x00007ffef5872000 	C:\WINDOWS\System32\KERNELBASE.dll
0x00007ffef5370000 - 0x00007ffef54bb000 	C:\WINDOWS\System32\ucrtbase.dll
0x00007ffeed090000 - 0x00007ffeed0a7000 	C:\Users\lukas\.p2\pool\plugins\org.eclipse.justj.openjdk.hotspot.jre.full.win32.x86_64_23.0.1.v20241024-1700\jre\bin\jli.dll
0x00007ffef73f0000 - 0x00007ffef75b8000 	C:\WINDOWS\System32\USER32.dll
0x00007ffef5280000 - 0x00007ffef52a7000 	C:\WINDOWS\System32\win32u.dll
0x00007ffef6f90000 - 0x00007ffef6fba000 	C:\WINDOWS\System32\GDI32.dll
0x00007ffef5880000 - 0x00007ffef59ab000 	C:\WINDOWS\System32\gdi32full.dll
0x00007ffef59b0000 - 0x00007ffef5a53000 	C:\WINDOWS\System32\msvcp_win.dll
0x00007ffee7a80000 - 0x00007ffee7a9e000 	C:\Users\lukas\.p2\pool\plugins\org.eclipse.justj.openjdk.hotspot.jre.full.win32.x86_64_23.0.1.v20241024-1700\jre\bin\VCRUNTIME140.dll
0x00007ffeddd90000 - 0x00007ffede020000 	C:\WINDOWS\WinSxS\amd64_microsoft.windows.common-controls_6595b64144ccf1df_6.0.26100.2454_none_3e0b68a2e331ad60\COMCTL32.dll
0x00007ffef6e50000 - 0x00007ffef6ef9000 	C:\WINDOWS\System32\msvcrt.dll
0x00007ffef7250000 - 0x00007ffef727f000 	C:\WINDOWS\System32\IMM32.DLL
0x00007ffeee0e0000 - 0x00007ffeee0ec000 	C:\Users\lukas\.p2\pool\plugins\org.eclipse.justj.openjdk.hotspot.jre.full.win32.x86_64_23.0.1.v20241024-1700\jre\bin\vcruntime140_1.dll
0x00007ffee23a0000 - 0x00007ffee242d000 	C:\Users\lukas\.p2\pool\plugins\org.eclipse.justj.openjdk.hotspot.jre.full.win32.x86_64_23.0.1.v20241024-1700\jre\bin\msvcp140.dll
0x00007ffea9070000 - 0x00007ffea9e3d000 	C:\Users\lukas\.p2\pool\plugins\org.eclipse.justj.openjdk.hotspot.jre.full.win32.x86_64_23.0.1.v20241024-1700\jre\bin\server\jvm.dll
0x00007ffef6d90000 - 0x00007ffef6e44000 	C:\WINDOWS\System32\ADVAPI32.dll
0x00007ffef6080000 - 0x00007ffef6126000 	C:\WINDOWS\System32\sechost.dll
0x00007ffef7c20000 - 0x00007ffef7d36000 	C:\WINDOWS\System32\RPCRT4.dll
0x00007ffef71d0000 - 0x00007ffef7244000 	C:\WINDOWS\System32\WS2_32.dll
0x00007ffef4d50000 - 0x00007ffef4d9e000 	C:\WINDOWS\SYSTEM32\POWRPROF.dll
0x00007ffeeb390000 - 0x00007ffeeb3c6000 	C:\WINDOWS\SYSTEM32\WINMM.dll
0x00007ffeef8a0000 - 0x00007ffeef8ab000 	C:\WINDOWS\SYSTEM32\VERSION.dll
0x00007ffef4d30000 - 0x00007ffef4d44000 	C:\WINDOWS\SYSTEM32\UMPDC.dll
0x00007ffef3f90000 - 0x00007ffef3faa000 	C:\WINDOWS\SYSTEM32\kernel.appcore.dll
0x00007ffedd6d0000 - 0x00007ffedd6da000 	C:\Users\lukas\.p2\pool\plugins\org.eclipse.justj.openjdk.hotspot.jre.full.win32.x86_64_23.0.1.v20241024-1700\jre\bin\jimage.dll
0x00007ffeec4b0000 - 0x00007ffeec6f1000 	C:\WINDOWS\SYSTEM32\DBGHELP.DLL
0x00007ffef5be0000 - 0x00007ffef5f5e000 	C:\WINDOWS\System32\combase.dll
0x00007ffef6fc0000 - 0x00007ffef7096000 	C:\WINDOWS\System32\OLEAUT32.dll
0x00007ffee8670000 - 0x00007ffee86a9000 	C:\WINDOWS\SYSTEM32\dbgcore.DLL
0x00007ffef5150000 - 0x00007ffef51e9000 	C:\WINDOWS\System32\bcryptPrimitives.dll
0x00007ffedc980000 - 0x00007ffedc99e000 	C:\Users\lukas\.p2\pool\plugins\org.eclipse.justj.openjdk.hotspot.jre.full.win32.x86_64_23.0.1.v20241024-1700\jre\bin\java.dll
0x00007ffef6bf0000 - 0x00007ffef6d89000 	C:\WINDOWS\System32\ole32.dll
0x00007ffef6210000 - 0x00007ffef6910000 	C:\WINDOWS\System32\SHELL32.dll

dbghelp: loaded successfully - version: 4.0.5 - missing functions: none
symbol engine: initialized successfully - sym options: 0x614 - pdb path: .;C:\Users\lukas\.p2\pool\plugins\org.eclipse.justj.openjdk.hotspot.jre.full.win32.x86_64_23.0.1.v20241024-1700\jre\bin;C:\WINDOWS\SYSTEM32;C:\Program Files\Avast Software\Avast;C:\WINDOWS\WinSxS\amd64_microsoft.windows.common-controls_6595b64144ccf1df_6.0.26100.2454_none_3e0b68a2e331ad60;C:\Users\lukas\.p2\pool\plugins\org.eclipse.justj.openjdk.hotspot.jre.full.win32.x86_64_23.0.1.v20241024-1700\jre\bin\server

VM Arguments:
jvm_args: -Dfile.encoding=UTF-8 -Dstdout.encoding=UTF-8 -Dstderr.encoding=UTF-8 --module-path=C:\Users\lukas\eclipse-workspace\Repetiçãoexercicio27\bin -XX:+ShowCodeDetailsInExceptionMessages -Djdk.module.main=Repetiçãoexercicio27 
java_command: Repetiçãoexercicio27/repeticaoexercicio27.repeticaoexercicio27
java_class_path (initial): <not set>
Launcher Type: SUN_STANDARD

[Global flags]
     intx CICompilerCount                          = 12                                        {product} {ergonomic}
     uint ConcGCThreads                            = 3                                         {product} {ergonomic}
     uint G1ConcRefinementThreads                  = 13                                        {product} {ergonomic}
   size_t G1HeapRegionSize                         = 1048576                                   {product} {ergonomic}
   size_t InitialHeapSize                          = 125829120                                 {product} {ergonomic}
   size_t MarkStackSize                            = 4194304                                   {product} {ergonomic}
   size_t MarkStackSizeMax                         = 536870912                                 {product} {ergonomic}
   size_t MaxHeapSize                              = 1992294400                                {product} {ergonomic}
   size_t MinHeapDeltaBytes                        = 1048576                                   {product} {ergonomic}
   size_t MinHeapSize                              = 8388608                                   {product} {ergonomic}
    uintx NonNMethodCodeHeapSize                   = 7602176                                {pd product} {ergonomic}
    uintx NonProfiledCodeHeapSize                  = 122093568                              {pd product} {ergonomic}
    uintx ProfiledCodeHeapSize                     = 121962496                              {pd product} {ergonomic}
    uintx ReservedCodeCacheSize                    = 251658240                              {pd product} {ergonomic}
     bool SegmentedCodeCache                       = true                                      {product} {ergonomic}
     bool ShowCodeDetailsInExceptionMessages       = true                                   {manageable} {command line}
   size_t SoftMaxHeapSize                          = 1992294400                             {manageable} {ergonomic}
     bool UseCompressedOops                        = true                           {product lp64_product} {ergonomic}
     bool UseG1GC                                  = true                                      {product} {ergonomic}
     bool UseLargePagesIndividualAllocation        = false                                  {pd product} {ergonomic}

Logging:
Log output configuration:
 #0: stdout all=warning uptime,level,tags foldmultilines=false
 #1: stderr all=off uptime,level,tags foldmultilines=false

Environment Variables:
PATH=C:/Users/lukas/.p2/pool/plugins/org.eclipse.justj.openjdk.hotspot.jre.full.win32.x86_64_23.0.1.v20241024-1700/jre/bin/server;C:/Users/lukas/.p2/pool/plugins/org.eclipse.justj.openjdk.hotspot.jre.full.win32.x86_64_23.0.1.v20241024-1700/jre/bin;C:\WINDOWS\system32;C:\WINDOWS;C:\WINDOWS\System32\Wbem;C:\WINDOWS\System32\WindowsPowerShell\v1.0\;C:\WINDOWS\System32\OpenSSH\;C:\Program Files\dotnet\;C:\Program Files\Git\cmd;C:\Users\lukas\AppData\Local\Microsoft\WindowsApps;;C:\Users\lukas\AppData\Local\Programs\Microsoft VS Code\bin;C:\Users\lukas\Desktop;
USERNAME=lukas
OS=Windows_NT
PROCESSOR_IDENTIFIER=AMD64 Family 23 Model 96 Stepping 1, AuthenticAMD
TMP=C:\Users\lukas\AppData\Local\Temp
TEMP=C:\Users\lukas\AppData\Local\Temp




Periodic native trim disabled

---------------  S Y S T E M  ---------------

OS:
 Windows 11 , 64 bit Build 26100 (10.0.26100.2454)
OS uptime: 0 days 11:53 hours

CPU: total 16 (initial active 16) (16 cores per cpu, 2 threads per core) family 23 model 96 stepping 1 microcode 0x8600106, cx8, cmov, fxsr, ht, mmx, 3dnowpref, sse, sse2, sse3, ssse3, sse4a, sse4.1, sse4.2, popcnt, lzcnt, tsc, tscinvbit, avx, avx2, aes, clmul, bmi1, bmi2, adx, sha, fma, vzeroupper, clflush, clflushopt, rdtscp, rdpid, f16c
Processor Information for the first 16 processors :
  Max Mhz: 2901, Current Mhz: 2901, Mhz Limit: 2901

Memory: 4k page, system-wide physical 7598M (685M free)
TotalPageFile size 29595M (AvailPageFile size 77M)
current process WorkingSet (physical memory assigned to process): 13M, peak: 13M
current process commit charge ("private bytes"): 71M, peak: 190M

vm_info: OpenJDK 64-Bit Server VM (23.0.1+11) for windows-amd64 JRE (23.0.1+11), built on 2024-10-15T00:00:00Z with MS VC++ 17.7 (VS2022)

END.
